0 info it worked if it ends with ok
1 verbose cli [ 'C:\\Program Files\\nodejs\\node.exe',
1 verbose cli   'C:\\Program Files\\nodejs\\node_modules\\npm\\bin\\npm-cli.js',
1 verbose cli   'install',
1 verbose cli   'andorid' ]
2 info using npm@2.14.7
3 info using node@v4.2.3
4 verbose install initial load of D:\MY Practic Data\node\salesman\Mobile\package.json
5 warn package.json mobileapp@1.1.1 No repository field.
6 warn package.json mobileapp@1.1.1 No README data
7 warn package.json mobileapp@1.1.1 No license field.
8 verbose readDependencies loading dependencies from D:\MY Practic Data\node\salesman\Mobile\package.json
9 silly cache add args [ 'andorid', null ]
10 verbose cache add spec andorid
11 silly cache add parsed spec Result {
11 silly cache add   raw: 'andorid',
11 silly cache add   scope: null,
11 silly cache add   name: 'andorid',
11 silly cache add   rawSpec: '',
11 silly cache add   spec: '*',
11 silly cache add   type: 'range' }
12 silly addNamed andorid@*
13 verbose addNamed "*" is a valid semver range for andorid
14 silly addNameRange { name: 'andorid', range: '*', hasData: false }
15 silly mapToRegistry name andorid
16 silly mapToRegistry using default registry
17 silly mapToRegistry registry https://registry.npmjs.org/
18 silly mapToRegistry uri https://registry.npmjs.org/andorid
19 verbose addNameRange registry:https://registry.npmjs.org/andorid not in flight; fetching
20 verbose request uri https://registry.npmjs.org/andorid
21 verbose request no auth needed
22 info attempt registry request try #1 at 10:41:14 PM
23 verbose request id 1f45f3bf5981ec80
24 http request GET https://registry.npmjs.org/andorid
25 http 404 https://registry.npmjs.org/andorid
26 verbose headers { 'content-type': 'application/json',
26 verbose headers   'cache-control': 'max-age=0',
26 verbose headers   'content-length': '2',
26 verbose headers   'accept-ranges': 'bytes',
26 verbose headers   date: 'Tue, 23 Feb 2016 17:42:00 GMT',
26 verbose headers   via: '1.1 varnish',
26 verbose headers   age: '0',
26 verbose headers   connection: 'keep-alive',
26 verbose headers   'x-served-by': 'cache-fra1231-FRA',
26 verbose headers   'x-cache': 'MISS',
26 verbose headers   'x-cache-hits': '0',
26 verbose headers   'x-timer': 'S1456249320.664337,VS0,VE106' }
27 silly get cb [ 404,
27 silly get   { 'content-type': 'application/json',
27 silly get     'cache-control': 'max-age=0',
27 silly get     'content-length': '2',
27 silly get     'accept-ranges': 'bytes',
27 silly get     date: 'Tue, 23 Feb 2016 17:42:00 GMT',
27 silly get     via: '1.1 varnish',
27 silly get     age: '0',
27 silly get     connection: 'keep-alive',
27 silly get     'x-served-by': 'cache-fra1231-FRA',
27 silly get     'x-cache': 'MISS',
27 silly get     'x-cache-hits': '0',
27 silly get     'x-timer': 'S1456249320.664337,VS0,VE106' } ]
28 verbose stack Error: Registry returned 404 for GET on https://registry.npmjs.org/andorid
28 verbose stack     at makeError (C:\Program Files\nodejs\node_modules\npm\node_modules\npm-registry-client\lib\request.js:264:12)
28 verbose stack     at CachingRegistryClient.<anonymous> (C:\Program Files\nodejs\node_modules\npm\node_modules\npm-registry-client\lib\request.js:242:14)
28 verbose stack     at Request._callback (C:\Program Files\nodejs\node_modules\npm\node_modules\npm-registry-client\lib\request.js:172:14)
28 verbose stack     at Request.self.callback (C:\Program Files\nodejs\node_modules\npm\node_modules\request\request.js:198:22)
28 verbose stack     at emitTwo (events.js:87:13)
28 verbose stack     at Request.emit (events.js:172:7)
28 verbose stack     at Request.<anonymous> (C:\Program Files\nodejs\node_modules\npm\node_modules\request\request.js:1063:14)
28 verbose stack     at emitOne (events.js:82:20)
28 verbose stack     at Request.emit (events.js:169:7)
28 verbose stack     at IncomingMessage.<anonymous> (C:\Program Files\nodejs\node_modules\npm\node_modules\request\request.js:1009:12)
29 verbose statusCode 404
30 verbose pkgid andorid
31 verbose cwd D:\MY Practic Data\node\salesman\Mobile
32 error Windows_NT 10.0.10240
33 error argv "C:\\Program Files\\nodejs\\node.exe" "C:\\Program Files\\nodejs\\node_modules\\npm\\bin\\npm-cli.js" "install" "andorid"
34 error node v4.2.3
35 error npm  v2.14.7
36 error code E404
37 error 404 Registry returned 404 for GET on https://registry.npmjs.org/andorid
37 error 404
37 error 404 'andorid' is not in the npm registry.
37 error 404 You should bug the author to publish it (or use the name yourself!)
37 error 404 It was specified as a dependency of 'mobileapp'
37 error 404
37 error 404 Note that you can also install from a
37 error 404 tarball, folder, http url, or git url.
38 verbose exit [ 1, true ]
